WARNING: Logging before flag parsing goes to stderr.
W0708 06:07:38.541459 140234074502912 deprecation_wrapper.py:119] From train.py:54: The name tf.placeholder is deprecated. Please use tf.compat.v1.placeholder instead.

W0708 06:07:38.548304 140234074502912 deprecation_wrapper.py:119] From /home/yanjia.li/traffic-sign-recognition/model.py:14: The name tf.truncated_normal is deprecated. Please use tf.random.truncated_normal instead.

W0708 06:07:38.560248 140234074502912 deprecation_wrapper.py:119] From /home/yanjia.li/traffic-sign-recognition/model.py:23: The name tf.nn.max_pool is deprecated. Please use tf.nn.max_pool2d instead.

W0708 06:07:38.572713 140234074502912 deprecation.py:323] From /home/yanjia.li/traffic-sign-recognition/env/lib/python3.5/site-packages/tensorflow/contrib/layers/python/layers/layers.py:1634: flatten (from tensorflow.python.layers.core) is deprecated and will be removed in a future version.
Instructions for updating:
Use keras.layers.flatten instead.
W0708 06:07:38.881922 140234074502912 deprecation.py:323] From train.py:60: softmax_cross_entropy_with_logits (from tensorflow.python.ops.nn_ops) is deprecated and will be removed in a future version.
Instructions for updating:

Future major versions of TensorFlow will allow gradients to flow
into the labels input on backprop by default.

See `tf.nn.softmax_cross_entropy_with_logits_v2`.

W0708 06:07:38.900548 140234074502912 deprecation_wrapper.py:119] From train.py:62: The name tf.train.AdamOptimizer is deprecated. Please use tf.compat.v1.train.AdamOptimizer instead.

W0708 06:07:39.098277 140234074502912 deprecation_wrapper.py:119] From train.py:67: The name tf.train.Saver is deprecated. Please use tf.compat.v1.train.Saver instead.

W0708 06:07:39.129824 140234074502912 deprecation_wrapper.py:119] From train.py:87: The name tf.Session is deprecated. Please use tf.compat.v1.Session instead.

2019-07-08 06:07:39.131209: I tensorflow/stream_executor/platform/default/dso_loader.cc:42] Successfully opened dynamic library libcuda.so.1
2019-07-08 06:07:39.740594: I tensorflow/stream_executor/cuda/cuda_gpu_executor.cc:1005] successful NUMA node read from SysFS had negative value (-1), but there must be at least one NUMA node, so returning NUMA node zero
2019-07-08 06:07:39.741089: I tensorflow/core/common_runtime/gpu/gpu_device.cc:1640] Found device 0 with properties: 
name: Tesla V100-SXM2-16GB major: 7 minor: 0 memoryClockRate(GHz): 1.53
pciBusID: 0000:00:04.0
2019-07-08 06:07:39.741458: I tensorflow/stream_executor/platform/default/dso_loader.cc:42] Successfully opened dynamic library libcudart.so.10.0
2019-07-08 06:07:39.742770: I tensorflow/stream_executor/platform/default/dso_loader.cc:42] Successfully opened dynamic library libcublas.so.10.0
2019-07-08 06:07:39.744014: I tensorflow/stream_executor/platform/default/dso_loader.cc:42] Successfully opened dynamic library libcufft.so.10.0
2019-07-08 06:07:39.744367: I tensorflow/stream_executor/platform/default/dso_loader.cc:42] Successfully opened dynamic library libcurand.so.10.0
2019-07-08 06:07:39.745858: I tensorflow/stream_executor/platform/default/dso_loader.cc:42] Successfully opened dynamic library libcusolver.so.10.0
2019-07-08 06:07:39.746951: I tensorflow/stream_executor/platform/default/dso_loader.cc:42] Successfully opened dynamic library libcusparse.so.10.0
2019-07-08 06:07:39.750334: I tensorflow/stream_executor/platform/default/dso_loader.cc:42] Successfully opened dynamic library libcudnn.so.7
2019-07-08 06:07:39.750499: I tensorflow/stream_executor/cuda/cuda_gpu_executor.cc:1005] successful NUMA node read from SysFS had negative value (-1), but there must be at least one NUMA node, so returning NUMA node zero
2019-07-08 06:07:39.750918: I tensorflow/stream_executor/cuda/cuda_gpu_executor.cc:1005] successful NUMA node read from SysFS had negative value (-1), but there must be at least one NUMA node, so returning NUMA node zero
2019-07-08 06:07:39.751247: I tensorflow/core/common_runtime/gpu/gpu_device.cc:1763] Adding visible gpu devices: 0
2019-07-08 06:07:39.751734: I tensorflow/core/platform/cpu_feature_guard.cc:142] Your CPU supports instructions that this TensorFlow binary was not compiled to use: AVX2 FMA
2019-07-08 06:07:39.871264: I tensorflow/stream_executor/cuda/cuda_gpu_executor.cc:1005] successful NUMA node read from SysFS had negative value (-1), but there must be at least one NUMA node, so returning NUMA node zero
2019-07-08 06:07:39.871815: I tensorflow/compiler/xla/service/service.cc:168] XLA service 0x5600e6871c20 executing computations on platform CUDA. Devices:
2019-07-08 06:07:39.871878: I tensorflow/compiler/xla/service/service.cc:175]   StreamExecutor device (0): Tesla V100-SXM2-16GB, Compute Capability 7.0
2019-07-08 06:07:39.874793: I tensorflow/core/platform/profile_utils/cpu_utils.cc:94] CPU Frequency: 2200000000 Hz
2019-07-08 06:07:39.875646: I tensorflow/compiler/xla/service/service.cc:168] XLA service 0x5600e68e3d00 executing computations on platform Host. Devices:
2019-07-08 06:07:39.875683: I tensorflow/compiler/xla/service/service.cc:175]   StreamExecutor device (0): <undefined>, <undefined>
2019-07-08 06:07:39.875910: I tensorflow/stream_executor/cuda/cuda_gpu_executor.cc:1005] successful NUMA node read from SysFS had negative value (-1), but there must be at least one NUMA node, so returning NUMA node zero
2019-07-08 06:07:39.876329: I tensorflow/core/common_runtime/gpu/gpu_device.cc:1640] Found device 0 with properties: 
name: Tesla V100-SXM2-16GB major: 7 minor: 0 memoryClockRate(GHz): 1.53
pciBusID: 0000:00:04.0
2019-07-08 06:07:39.876390: I tensorflow/stream_executor/platform/default/dso_loader.cc:42] Successfully opened dynamic library libcudart.so.10.0
2019-07-08 06:07:39.876422: I tensorflow/stream_executor/platform/default/dso_loader.cc:42] Successfully opened dynamic library libcublas.so.10.0
2019-07-08 06:07:39.876442: I tensorflow/stream_executor/platform/default/dso_loader.cc:42] Successfully opened dynamic library libcufft.so.10.0
2019-07-08 06:07:39.876466: I tensorflow/stream_executor/platform/default/dso_loader.cc:42] Successfully opened dynamic library libcurand.so.10.0
2019-07-08 06:07:39.876492: I tensorflow/stream_executor/platform/default/dso_loader.cc:42] Successfully opened dynamic library libcusolver.so.10.0
2019-07-08 06:07:39.876519: I tensorflow/stream_executor/platform/default/dso_loader.cc:42] Successfully opened dynamic library libcusparse.so.10.0
2019-07-08 06:07:39.876556: I tensorflow/stream_executor/platform/default/dso_loader.cc:42] Successfully opened dynamic library libcudnn.so.7
2019-07-08 06:07:39.876619: I tensorflow/stream_executor/cuda/cuda_gpu_executor.cc:1005] successful NUMA node read from SysFS had negative value (-1), but there must be at least one NUMA node, so returning NUMA node zero
2019-07-08 06:07:39.877114: I tensorflow/stream_executor/cuda/cuda_gpu_executor.cc:1005] successful NUMA node read from SysFS had negative value (-1), but there must be at least one NUMA node, so returning NUMA node zero
2019-07-08 06:07:39.877456: I tensorflow/core/common_runtime/gpu/gpu_device.cc:1763] Adding visible gpu devices: 0
2019-07-08 06:07:39.877577: I tensorflow/stream_executor/platform/default/dso_loader.cc:42] Successfully opened dynamic library libcudart.so.10.0
2019-07-08 06:07:39.878718: I tensorflow/core/common_runtime/gpu/gpu_device.cc:1181] Device interconnect StreamExecutor with strength 1 edge matrix:
2019-07-08 06:07:39.878750: I tensorflow/core/common_runtime/gpu/gpu_device.cc:1187]      0 
2019-07-08 06:07:39.878760: I tensorflow/core/common_runtime/gpu/gpu_device.cc:1200] 0:   N 
2019-07-08 06:07:39.879041: I tensorflow/stream_executor/cuda/cuda_gpu_executor.cc:1005] successful NUMA node read from SysFS had negative value (-1), but there must be at least one NUMA node, so returning NUMA node zero
2019-07-08 06:07:39.879448: I tensorflow/stream_executor/cuda/cuda_gpu_executor.cc:1005] successful NUMA node read from SysFS had negative value (-1), but there must be at least one NUMA node, so returning NUMA node zero
2019-07-08 06:07:39.879825: I tensorflow/core/common_runtime/gpu/gpu_device.cc:1326] Created TensorFlow device (/job:localhost/replica:0/task:0/device:GPU:0 with 14927 MB memory) -> physical GPU (device: 0, name: Tesla V100-SXM2-16GB, pci bus id: 0000:00:04.0, compute capability: 7.0)
W0708 06:07:39.881186 140234074502912 deprecation_wrapper.py:119] From train.py:88: The name tf.global_variables_initializer is deprecated. Please use tf.compat.v1.global_variables_initializer instead.

2019-07-08 06:07:41.476000: I tensorflow/stream_executor/platform/default/dso_loader.cc:42] Successfully opened dynamic library libcublas.so.10.0
2019-07-08 06:07:41.770994: I tensorflow/stream_executor/platform/default/dso_loader.cc:42] Successfully opened dynamic library libcudnn.so.7
W0708 06:07:46.042289 140234074502912 deprecation_wrapper.py:119] From train.py:73: The name tf.get_default_session is deprecated. Please use tf.compat.v1.get_default_session instead.

Number of training examples = 34799
Number of testing examples = 12630
Image data shape = (32, 32, 3)
Number of classes = 43
WARNING: Logging before flag parsing goes to stderr.
W0708 06:09:18.778650 140424927352576 deprecation_wrapper.py:119] From train.py:54: The name tf.placeholder is deprecated. Please use tf.compat.v1.placeholder instead.

W0708 06:09:18.785318 140424927352576 deprecation_wrapper.py:119] From /home/yanjia.li/traffic-sign-recognition/model.py:14: The name tf.truncated_normal is deprecated. Please use tf.random.truncated_normal instead.

W0708 06:09:18.796472 140424927352576 deprecation_wrapper.py:119] From /home/yanjia.li/traffic-sign-recognition/model.py:23: The name tf.nn.max_pool is deprecated. Please use tf.nn.max_pool2d instead.

W0708 06:09:18.808140 140424927352576 deprecation.py:323] From /home/yanjia.li/traffic-sign-recognition/env/lib/python3.5/site-packages/tensorflow/contrib/layers/python/layers/layers.py:1634: flatten (from tensorflow.python.layers.core) is deprecated and will be removed in a future version.
Instructions for updating:
Use keras.layers.flatten instead.
W0708 06:09:19.101270 140424927352576 deprecation.py:323] From train.py:60: softmax_cross_entropy_with_logits (from tensorflow.python.ops.nn_ops) is deprecated and will be removed in a future version.
Instructions for updating:

Future major versions of TensorFlow will allow gradients to flow
into the labels input on backprop by default.

See `tf.nn.softmax_cross_entropy_with_logits_v2`.

W0708 06:09:19.119144 140424927352576 deprecation_wrapper.py:119] From train.py:62: The name tf.train.AdamOptimizer is deprecated. Please use tf.compat.v1.train.AdamOptimizer instead.

W0708 06:09:19.295117 140424927352576 deprecation_wrapper.py:119] From train.py:67: The name tf.train.Saver is deprecated. Please use tf.compat.v1.train.Saver instead.

W0708 06:09:19.323195 140424927352576 deprecation_wrapper.py:119] From train.py:87: The name tf.Session is deprecated. Please use tf.compat.v1.Session instead.

2019-07-08 06:09:19.324493: I tensorflow/stream_executor/platform/default/dso_loader.cc:42] Successfully opened dynamic library libcuda.so.1
2019-07-08 06:09:19.942185: I tensorflow/stream_executor/cuda/cuda_gpu_executor.cc:1005] successful NUMA node read from SysFS had negative value (-1), but there must be at least one NUMA node, so returning NUMA node zero
2019-07-08 06:09:19.942606: I tensorflow/core/common_runtime/gpu/gpu_device.cc:1640] Found device 0 with properties: 
name: Tesla V100-SXM2-16GB major: 7 minor: 0 memoryClockRate(GHz): 1.53
pciBusID: 0000:00:04.0
2019-07-08 06:09:19.943014: I tensorflow/stream_executor/platform/default/dso_loader.cc:42] Successfully opened dynamic library libcudart.so.10.0
2019-07-08 06:09:19.944263: I tensorflow/stream_executor/platform/default/dso_loader.cc:42] Successfully opened dynamic library libcublas.so.10.0
2019-07-08 06:09:19.945521: I tensorflow/stream_executor/platform/default/dso_loader.cc:42] Successfully opened dynamic library libcufft.so.10.0
2019-07-08 06:09:19.945853: I tensorflow/stream_executor/platform/default/dso_loader.cc:42] Successfully opened dynamic library libcurand.so.10.0
2019-07-08 06:09:19.947162: I tensorflow/stream_executor/platform/default/dso_loader.cc:42] Successfully opened dynamic library libcusolver.so.10.0
2019-07-08 06:09:19.948178: I tensorflow/stream_executor/platform/default/dso_loader.cc:42] Successfully opened dynamic library libcusparse.so.10.0
2019-07-08 06:09:19.951137: I tensorflow/stream_executor/platform/default/dso_loader.cc:42] Successfully opened dynamic library libcudnn.so.7
2019-07-08 06:09:19.951265: I tensorflow/stream_executor/cuda/cuda_gpu_executor.cc:1005] successful NUMA node read from SysFS had negative value (-1), but there must be at least one NUMA node, so returning NUMA node zero
2019-07-08 06:09:19.951654: I tensorflow/stream_executor/cuda/cuda_gpu_executor.cc:1005] successful NUMA node read from SysFS had negative value (-1), but there must be at least one NUMA node, so returning NUMA node zero
2019-07-08 06:09:19.951947: I tensorflow/core/common_runtime/gpu/gpu_device.cc:1763] Adding visible gpu devices: 0
2019-07-08 06:09:19.952453: I tensorflow/core/platform/cpu_feature_guard.cc:142] Your CPU supports instructions that this TensorFlow binary was not compiled to use: AVX2 FMA
2019-07-08 06:09:20.061340: I tensorflow/stream_executor/cuda/cuda_gpu_executor.cc:1005] successful NUMA node read from SysFS had negative value (-1), but there must be at least one NUMA node, so returning NUMA node zero
2019-07-08 06:09:20.061882: I tensorflow/compiler/xla/service/service.cc:168] XLA service 0x561ecf63a300 executing computations on platform CUDA. Devices:
2019-07-08 06:09:20.061920: I tensorflow/compiler/xla/service/service.cc:175]   StreamExecutor device (0): Tesla V100-SXM2-16GB, Compute Capability 7.0
2019-07-08 06:09:20.064933: I tensorflow/core/platform/profile_utils/cpu_utils.cc:94] CPU Frequency: 2200000000 Hz
2019-07-08 06:09:20.065512: I tensorflow/compiler/xla/service/service.cc:168] XLA service 0x561ecf6ac3e0 executing computations on platform Host. Devices:
2019-07-08 06:09:20.065537: I tensorflow/compiler/xla/service/service.cc:175]   StreamExecutor device (0): <undefined>, <undefined>
2019-07-08 06:09:20.065728: I tensorflow/stream_executor/cuda/cuda_gpu_executor.cc:1005] successful NUMA node read from SysFS had negative value (-1), but there must be at least one NUMA node, so returning NUMA node zero
2019-07-08 06:09:20.066072: I tensorflow/core/common_runtime/gpu/gpu_device.cc:1640] Found device 0 with properties: 
name: Tesla V100-SXM2-16GB major: 7 minor: 0 memoryClockRate(GHz): 1.53
pciBusID: 0000:00:04.0
2019-07-08 06:09:20.066131: I tensorflow/stream_executor/platform/default/dso_loader.cc:42] Successfully opened dynamic library libcudart.so.10.0
2019-07-08 06:09:20.066142: I tensorflow/stream_executor/platform/default/dso_loader.cc:42] Successfully opened dynamic library libcublas.so.10.0
2019-07-08 06:09:20.066151: I tensorflow/stream_executor/platform/default/dso_loader.cc:42] Successfully opened dynamic library libcufft.so.10.0
2019-07-08 06:09:20.066160: I tensorflow/stream_executor/platform/default/dso_loader.cc:42] Successfully opened dynamic library libcurand.so.10.0
2019-07-08 06:09:20.066169: I tensorflow/stream_executor/platform/default/dso_loader.cc:42] Successfully opened dynamic library libcusolver.so.10.0
2019-07-08 06:09:20.066177: I tensorflow/stream_executor/platform/default/dso_loader.cc:42] Successfully opened dynamic library libcusparse.so.10.0
2019-07-08 06:09:20.066188: I tensorflow/stream_executor/platform/default/dso_loader.cc:42] Successfully opened dynamic library libcudnn.so.7
2019-07-08 06:09:20.066241: I tensorflow/stream_executor/cuda/cuda_gpu_executor.cc:1005] successful NUMA node read from SysFS had negative value (-1), but there must be at least one NUMA node, so returning NUMA node zero
2019-07-08 06:09:20.066566: I tensorflow/stream_executor/cuda/cuda_gpu_executor.cc:1005] successful NUMA node read from SysFS had negative value (-1), but there must be at least one NUMA node, so returning NUMA node zero
2019-07-08 06:09:20.066863: I tensorflow/core/common_runtime/gpu/gpu_device.cc:1763] Adding visible gpu devices: 0
2019-07-08 06:09:20.066960: I tensorflow/stream_executor/platform/default/dso_loader.cc:42] Successfully opened dynamic library libcudart.so.10.0
2019-07-08 06:09:20.068029: I tensorflow/core/common_runtime/gpu/gpu_device.cc:1181] Device interconnect StreamExecutor with strength 1 edge matrix:
2019-07-08 06:09:20.068049: I tensorflow/core/common_runtime/gpu/gpu_device.cc:1187]      0 
2019-07-08 06:09:20.068057: I tensorflow/core/common_runtime/gpu/gpu_device.cc:1200] 0:   N 
2019-07-08 06:09:20.068330: I tensorflow/stream_executor/cuda/cuda_gpu_executor.cc:1005] successful NUMA node read from SysFS had negative value (-1), but there must be at least one NUMA node, so returning NUMA node zero
2019-07-08 06:09:20.068677: I tensorflow/stream_executor/cuda/cuda_gpu_executor.cc:1005] successful NUMA node read from SysFS had negative value (-1), but there must be at least one NUMA node, so returning NUMA node zero
2019-07-08 06:09:20.069020: I tensorflow/core/common_runtime/gpu/gpu_device.cc:1326] Created TensorFlow device (/job:localhost/replica:0/task:0/device:GPU:0 with 14927 MB memory) -> physical GPU (device: 0, name: Tesla V100-SXM2-16GB, pci bus id: 0000:00:04.0, compute capability: 7.0)
W0708 06:09:20.070297 140424927352576 deprecation_wrapper.py:119] From train.py:88: The name tf.global_variables_initializer is deprecated. Please use tf.compat.v1.global_variables_initializer instead.

Training...

2019-07-08 06:09:21.707573: I tensorflow/stream_executor/platform/default/dso_loader.cc:42] Successfully opened dynamic library libcublas.so.10.0
2019-07-08 06:09:21.999563: I tensorflow/stream_executor/platform/default/dso_loader.cc:42] Successfully opened dynamic library libcudnn.so.7
W0708 06:09:26.212211 140424927352576 deprecation_wrapper.py:119] From train.py:73: The name tf.get_default_session is deprecated. Please use tf.compat.v1.get_default_session instead.

EPOCH 1 ...
Validation Accuracy = 0.645

Model saved
EPOCH 2 ...
Validation Accuracy = 0.751

EPOCH 3 ...
Validation Accuracy = 0.778

EPOCH 4 ...
Validation Accuracy = 0.720

EPOCH 5 ...
Validation Accuracy = 0.767

EPOCH 6 ...
Validation Accuracy = 0.778

Model saved
EPOCH 7 ...
Validation Accuracy = 0.782

EPOCH 8 ...
Validation Accuracy = 0.786

EPOCH 9 ...
Validation Accuracy = 0.796

EPOCH 10 ...
Validation Accuracy = 0.784

EPOCH 11 ...
Validation Accuracy = 0.793

Model saved
EPOCH 12 ...
Validation Accuracy = 0.798

EPOCH 13 ...
Validation Accuracy = 0.792

EPOCH 14 ...
Validation Accuracy = 0.780

EPOCH 15 ...
Validation Accuracy = 0.793

EPOCH 16 ...
Validation Accuracy = 0.796

Model saved
EPOCH 17 ...
Validation Accuracy = 0.804

EPOCH 18 ...
Validation Accuracy = 0.782

EPOCH 19 ...
Validation Accuracy = 0.807

EPOCH 20 ...
Validation Accuracy = 0.803

EPOCH 21 ...
Validation Accuracy = 0.792

Model saved
EPOCH 22 ...
Validation Accuracy = 0.814

EPOCH 23 ...
Validation Accuracy = 0.805

EPOCH 24 ...
Validation Accuracy = 0.803

EPOCH 25 ...
Validation Accuracy = 0.782

EPOCH 26 ...
Validation Accuracy = 0.791

Model saved
EPOCH 27 ...
Validation Accuracy = 0.805

EPOCH 28 ...
Validation Accuracy = 0.790

EPOCH 29 ...
Validation Accuracy = 0.789

EPOCH 30 ...
Validation Accuracy = 0.793

EPOCH 31 ...
Validation Accuracy = 0.808

Model saved
EPOCH 32 ...
Validation Accuracy = 0.808

EPOCH 33 ...
Validation Accuracy = 0.809

EPOCH 34 ...
Validation Accuracy = 0.803

EPOCH 35 ...
Validation Accuracy = 0.813

EPOCH 36 ...
Validation Accuracy = 0.813

Model saved
EPOCH 37 ...
Validation Accuracy = 0.811

EPOCH 38 ...
Validation Accuracy = 0.813

EPOCH 39 ...
Validation Accuracy = 0.777

EPOCH 40 ...
Validation Accuracy = 0.800

EPOCH 41 ...
Validation Accuracy = 0.794

Model saved
EPOCH 42 ...
Validation Accuracy = 0.796

EPOCH 43 ...
Validation Accuracy = 0.802

EPOCH 44 ...
Validation Accuracy = 0.810

EPOCH 45 ...
Validation Accuracy = 0.810

EPOCH 46 ...
Validation Accuracy = 0.801

Model saved
EPOCH 47 ...
Validation Accuracy = 0.808

EPOCH 48 ...
Validation Accuracy = 0.800

EPOCH 49 ...
Validation Accuracy = 0.767

EPOCH 50 ...
Validation Accuracy = 0.805

EPOCH 51 ...
Validation Accuracy = 0.795

Model saved
EPOCH 52 ...
Validation Accuracy = 0.791

EPOCH 53 ...
Validation Accuracy = 0.811

EPOCH 54 ...
Validation Accuracy = 0.816

EPOCH 55 ...
Validation Accuracy = 0.806

EPOCH 56 ...
Validation Accuracy = 0.811

Model saved
EPOCH 57 ...
Validation Accuracy = 0.793

EPOCH 58 ...
Validation Accuracy = 0.827

EPOCH 59 ...
Validation Accuracy = 0.829

EPOCH 60 ...
Validation Accuracy = 0.812

EPOCH 61 ...
Validation Accuracy = 0.805

Model saved
EPOCH 62 ...
Validation Accuracy = 0.793

EPOCH 63 ...
Validation Accuracy = 0.803

EPOCH 64 ...
Validation Accuracy = 0.798

EPOCH 65 ...
Validation Accuracy = 0.807

EPOCH 66 ...
Validation Accuracy = 0.804

Model saved
EPOCH 67 ...
Validation Accuracy = 0.832

EPOCH 68 ...
Validation Accuracy = 0.798

EPOCH 69 ...
Validation Accuracy = 0.800

EPOCH 70 ...
Validation Accuracy = 0.789

EPOCH 71 ...
Validation Accuracy = 0.798

Model saved
EPOCH 72 ...
Validation Accuracy = 0.815

EPOCH 73 ...
Validation Accuracy = 0.804

EPOCH 74 ...
Validation Accuracy = 0.814

EPOCH 75 ...
Validation Accuracy = 0.827

EPOCH 76 ...
Validation Accuracy = 0.808

Model saved
EPOCH 77 ...
Validation Accuracy = 0.813

EPOCH 78 ...
Validation Accuracy = 0.810

EPOCH 79 ...
Validation Accuracy = 0.810

EPOCH 80 ...
Validation Accuracy = 0.825

EPOCH 81 ...
Validation Accuracy = 0.811

Model saved
EPOCH 82 ...
Validation Accuracy = 0.786

EPOCH 83 ...
Validation Accuracy = 0.814

EPOCH 84 ...
Validation Accuracy = 0.796

EPOCH 85 ...
Validation Accuracy = 0.763

EPOCH 86 ...
Validation Accuracy = 0.814

Model saved
EPOCH 87 ...
Validation Accuracy = 0.786

EPOCH 88 ...
Validation Accuracy = 0.826

EPOCH 89 ...
Validation Accuracy = 0.820

EPOCH 90 ...
Validation Accuracy = 0.815

EPOCH 91 ...
Validation Accuracy = 0.805

Model saved
EPOCH 92 ...
Validation Accuracy = 0.811

EPOCH 93 ...
Validation Accuracy = 0.812

EPOCH 94 ...
Validation Accuracy = 0.828

EPOCH 95 ...
Validation Accuracy = 0.801

EPOCH 96 ...
Validation Accuracy = 0.795

Model saved
EPOCH 97 ...
Validation Accuracy = 0.814

EPOCH 98 ...
Validation Accuracy = 0.811

EPOCH 99 ...
Validation Accuracy = 0.824

EPOCH 100 ...
Validation Accuracy = 0.790

Model saved
